STATUS CODE: 404
HEADERS: {"content-type":["application\/json"]}
BODY: {"status":404,"message":"not found"}


STATUS CODE: 404
HEADERS: {"content-type":["application\/json"]}
BODY: {"status":404,"message":"not found"}


STATUS CODE: 200
HEADERS: {"Content-Type":["application\/json"]}
BODY: {
    "code": 200,
    "message": "fake data has been inserted"
}


STATUS CODE: 200
HEADERS: {"Content-Type":["application\/json"]}
BODY: {
    "code": 200,
    "message": "fake data has been inserted"
}


STATUS CODE: 200
HEADERS: {"Content-Type":["application\/json"]}
BODY: {
    "code": 200,
    "message": "Movie has been deleted."
}


STATUS CODE: 200
HEADERS: {"Content-Type":["application\/json"]}
BODY: {
    "code": 200,
    "message": "Movie has been deleted."
}


STATUS CODE: 200
HEADERS: {"Content-Type":["application\/json"]}
BODY: {
    "code": 200,
    "message": "Movie has been deleted."
}


STATUS CODE: 200
HEADERS: {"Content-Type":["application\/json"]}
BODY: {
    "code": 200,
    "message": "Movie has been added"
}


STATUS CODE: 200
HEADERS: {"Content-Type":["application\/json"]}
BODY: {
    "code": 200,
    "message": "Movie has been added"
}


STATUS CODE: 200
HEADERS: {"Content-Type":["application\/json"]}
BODY: {
    "code": 200,
    "message": "Movie has been added"
}


